# JRE version: Java(TM) SE Runtime Environment (8.0_73-b02) (build 1.8.0_73-b02)
# Java VM: Java HotSpot(TM) 64-Bit Server VM (25.73-b02 mixed mode windows-amd64 compressed oops)
Heap:
 PSYoungGen      total 288256K, used 150276K [0x00000000eb300000, 0x0000000100000000, 0x0000000100000000)
  eden space 287744K, 52% used [0x00000000eb300000,0x00000000f45c1180,0x00000000fcc00000)
  from space 512K, 0% used [0x00000000fcc00000,0x00000000fcc00000,0x00000000fcc80000)
  to   space 27136K, 0% used [0x00000000fe580000,0x00000000fe580000,0x0000000100000000)
 ParOldGen       total 92160K, used 45713K [0x00000000c1800000, 0x00000000c7200000, 0x00000000eb300000)
  object space 92160K, 49% used [0x00000000c1800000,0x00000000c44a45a8,0x00000000c7200000)
 Metaspace       used 63961K, capacity 64702K, committed 65064K, reserved 1105920K
  class space    used 8182K, capacity 8375K, committed 8488K, reserved 1048576K
GC Heap History (10 events):
Event: 7.147 GC heap before
{Heap before GC invocations=12 (full 2):
 PSYoungGen      total 323072K, used 12792K [0x00000000eb300000, 0x0000000100000000, 0x0000000100000000)
  eden space 310272K, 0% used [0x00000000eb300000,0x00000000eb300000,0x00000000fe200000)
  from space 12800K, 99% used [0x00000000ff380000,0x00000000ffffe1f0,0x0000000100000000)
  to   space 15360K, 0% used [0x00000000fe200000,0x00000000fe200000,0x00000000ff100000)
 ParOldGen       total 43520K, used 23319K [0x00000000c1800000, 0x00000000c4280000, 0x00000000eb300000)
  object space 43520K, 53% used [0x00000000c1800000,0x00000000c2ec5e60,0x00000000c4280000)
 Metaspace       used 34979K, capacity 35340K, committed 35496K, reserved 1081344K
  class space    used 4384K, capacity 4518K, committed 4520K, reserved 1048576K
Event: 7.241 GC heap after
Heap after GC invocations=12 (full 2):
 PSYoungGen      total 323072K, used 0K [0x00000000eb300000, 0x0000000100000000, 0x0000000100000000)
  eden space 310272K, 0% used [0x00000000eb300000,0x00000000eb300000,0x00000000fe200000)
  from space 12800K, 0% used [0x00000000ff380000,0x00000000ff380000,0x0000000100000000)
  to   space 15360K, 0% used [0x00000000fe200000,0x00000000fe200000,0x00000000ff100000)
 ParOldGen       total 60928K, used 24335K [0x00000000c1800000, 0x00000000c5380000, 0x00000000eb300000)
  object space 60928K, 39% used [0x00000000c1800000,0x00000000c2fc3fe8,0x00000000c5380000)
 Metaspace       used 34979K, capacity 35340K, committed 35496K, reserved 1081344K
  class space    used 4384K, capacity 4518K, committed 4520K, reserved 1048576K
}
Event: 10.369 GC heap before
{Heap before GC invocations=13 (full 2):
 PSYoungGen      total 323072K, used 310272K [0x00000000eb300000, 0x0000000100000000, 0x0000000100000000)
  eden space 310272K, 100% used [0x00000000eb300000,0x00000000fe200000,0x00000000fe200000)
  from space 12800K, 0% used [0x00000000ff380000,0x00000000ff380000,0x0000000100000000)
  to   space 15360K, 0% used [0x00000000fe200000,0x00000000fe200000,0x00000000ff100000)
 ParOldGen       total 60928K, used 24335K [0x00000000c1800000, 0x00000000c5380000, 0x00000000eb300000)
  object space 60928K, 39% used [0x00000000c1800000,0x00000000c2fc3fe8,0x00000000c5380000)
 Metaspace       used 50622K, capacity 51144K, committed 51368K, reserved 1093632K
  class space    used 6413K, capacity 6528K, committed 6568K, reserved 1048576K
Event: 10.404 GC heap after
Heap after GC invocations=13 (full 2):
 PSYoungGen      total 325632K, used 15329K [0x00000000eb300000, 0x0000000100000000, 0x0000000100000000)
  eden space 310272K, 0% used [0x00000000eb300000,0x00000000eb300000,0x00000000fe200000)
  from space 15360K, 99% used [0x00000000fe200000,0x00000000ff0f8420,0x00000000ff100000)
  to   space 15360K, 0% used [0x00000000ff100000,0x00000000ff100000,0x0000000100000000)
 ParOldGen       total 60928K, used 32362K [0x00000000c1800000, 0x00000000c5380000, 0x00000000eb300000)
  object space 60928K, 53% used [0x00000000c1800000,0x00000000c379aae0,0x00000000c5380000)
 Metaspace       used 50622K, capacity 51144K, committed 51368K, reserved 1093632K
  class space    used 6413K, capacity 6528K, committed 6568K, reserved 1048576K
}
Event: 13.141 GC heap before
{Heap before GC invocations=14 (full 2):
 PSYoungGen      total 325632K, used 325601K [0x00000000eb300000, 0x0000000100000000, 0x0000000100000000)
  eden space 310272K, 100% used [0x00000000eb300000,0x00000000fe200000,0x00000000fe200000)
  from space 15360K, 99% used [0x00000000fe200000,0x00000000ff0f8420,0x00000000ff100000)
  to   space 15360K, 0% used [0x00000000ff100000,0x00000000ff100000,0x0000000100000000)
 ParOldGen       total 60928K, used 32362K [0x00000000c1800000, 0x00000000c5380000, 0x00000000eb300000)
  object space 60928K, 53% used [0x00000000c1800000,0x00000000c379aae0,0x00000000c5380000)
 Metaspace       used 58160K, capacity 58874K, committed 59160K, reserved 1101824K
  class space    used 7387K, capacity 7573K, committed 7592K, reserved 1048576K
Event: 13.187 GC heap after
Heap after GC invocations=14 (full 2):
 PSYoungGen      total 303104K, used 15358K [0x00000000eb300000, 0x0000000100000000, 0x0000000100000000)
  eden space 287744K, 0% used [0x00000000eb300000,0x00000000eb300000,0x00000000fcc00000)
  from space 15360K, 99% used [0x00000000ff100000,0x00000000fffffaa8,0x0000000100000000)
  to   space 26624K, 0% used [0x00000000fcc00000,0x00000000fcc00000,0x00000000fe600000)
 ParOldGen       total 60928K, used 45935K [0x00000000c1800000, 0x00000000c5380000, 0x00000000eb300000)
  object space 60928K, 75% used [0x00000000c1800000,0x00000000c44dbcf0,0x00000000c5380000)
 Metaspace       used 58160K, capacity 58874K, committed 59160K, reserved 1101824K
  class space    used 7387K, capacity 7573K, committed 7592K, reserved 1048576K
}
Event: 13.217 GC heap before
{Heap before GC invocations=15 (full 2):
 PSYoungGen      total 303104K, used 22832K [0x00000000eb300000, 0x0000000100000000, 0x0000000100000000)
  eden space 287744K, 2% used [0x00000000eb300000,0x00000000eba4c8e8,0x00000000fcc00000)
  from space 15360K, 99% used [0x00000000ff100000,0x00000000fffffaa8,0x0000000100000000)
  to   space 26624K, 0% used [0x00000000fcc00000,0x00000000fcc00000,0x00000000fe600000)
 ParOldGen       total 60928K, used 45935K [0x00000000c1800000, 0x00000000c5380000, 0x00000000eb300000)
  object space 60928K, 75% used [0x00000000c1800000,0x00000000c44dbcf0,0x00000000c5380000)
 Metaspace       used 58201K, capacity 58874K, committed 59160K, reserved 1101824K
  class space    used 7391K, capacity 7573K, committed 7592K, reserved 1048576K
Event: 13.239 GC heap after
Heap after GC invocations=15 (full 2):
 PSYoungGen      total 288256K, used 274K [0x00000000eb300000, 0x0000000100000000, 0x0000000100000000)
  eden space 287744K, 0% used [0x00000000eb300000,0x00000000eb300000,0x00000000fcc00000)
  from space 512K, 53% used [0x00000000fcc00000,0x00000000fcc44bf8,0x00000000fcc80000)
  to   space 27136K, 0% used [0x00000000fe580000,0x00000000fe580000,0x0000000100000000)
 ParOldGen       total 60928K, used 57583K [0x00000000c1800000, 0x00000000c5380000, 0x00000000eb300000)
  object space 60928K, 94% used [0x00000000c1800000,0x00000000c503bc60,0x00000000c5380000)
 Metaspace       used 58201K, capacity 58874K, committed 59160K, reserved 1101824K
  class space    used 7391K, capacity 7573K, committed 7592K, reserved 1048576K
}
Event: 13.239 GC heap before
{Heap before GC invocations=16 (full 3):
 PSYoungGen      total 288256K, used 274K [0x00000000eb300000, 0x0000000100000000, 0x0000000100000000)
  eden space 287744K, 0% used [0x00000000eb300000,0x00000000eb300000,0x00000000fcc00000)
  from space 512K, 53% used [0x00000000fcc00000,0x00000000fcc44bf8,0x00000000fcc80000)
  to   space 27136K, 0% used [0x00000000fe580000,0x00000000fe580000,0x0000000100000000)
 ParOldGen       total 60928K, used 57583K [0x00000000c1800000, 0x00000000c5380000, 0x00000000eb300000)
  object space 60928K, 94% used [0x00000000c1800000,0x00000000c503bc60,0x00000000c5380000)
 Metaspace       used 58201K, capacity 58874K, committed 59160K, reserved 1101824K
  class space    used 7391K, capacity 7573K, committed 7592K, reserved 1048576K
Event: 13.469 GC heap after
Heap after GC invocations=16 (full 3):
 PSYoungGen      total 288256K, used 0K [0x00000000eb300000, 0x0000000100000000, 0x0000000100000000)
  eden space 287744K, 0% used [0x00000000eb300000,0x00000000eb300000,0x00000000fcc00000)
  from space 512K, 0% used [0x00000000fcc00000,0x00000000fcc00000,0x00000000fcc80000)
  to   space 27136K, 0% used [0x00000000fe580000,0x00000000fe580000,0x0000000100000000)
 ParOldGen       total 92160K, used 45713K [0x00000000c1800000, 0x00000000c7200000, 0x00000000eb300000)
  object space 92160K, 49% used [0x00000000c1800000,0x00000000c44a45a8,0x00000000c7200000)
 Metaspace       used 58201K, capacity 58874K, committed 59160K, reserved 1101824K
  class space    used 7391K, capacity 7573K, committed 7592K, reserved 1048576K
}

