# JRE version: Java(TM) SE Runtime Environment (8.0_73-b02) (build 1.8.0_73-b02)
# Java VM: Java HotSpot(TM) 64-Bit Server VM (25.73-b02 mixed mode windows-amd64 compressed oops)
Heap:
 PSYoungGen      total 321536K, used 208585K [0x00000000eb300000, 0x0000000100000000, 0x0000000100000000)
  eden space 302080K, 69% used [0x00000000eb300000,0x00000000f7eb24f8,0x00000000fda00000)
  from space 19456K, 0% used [0x00000000fda00000,0x00000000fda00000,0x00000000fed00000)
  to   space 19456K, 0% used [0x00000000fed00000,0x00000000fed00000,0x0000000100000000)
 ParOldGen       total 94208K, used 46004K [0x00000000c1800000, 0x00000000c7400000, 0x00000000eb300000)
  object space 94208K, 48% used [0x00000000c1800000,0x00000000c44ed3f0,0x00000000c7400000)
 Metaspace       used 65302K, capacity 66214K, committed 66344K, reserved 1107968K
  class space    used 8246K, capacity 8451K, committed 8488K, reserved 1048576K
GC Heap History (10 events):
Event: 6.913 GC heap before
{Heap before GC invocations=14 (full 2):
 PSYoungGen      total 270336K, used 1425K [0x00000000eb300000, 0x00000000fcd00000, 0x0000000100000000)
  eden space 262144K, 0% used [0x00000000eb300000,0x00000000eb300000,0x00000000fb300000)
  from space 8192K, 17% used [0x00000000fc500000,0x00000000fc6646f0,0x00000000fcd00000)
  to   space 13312K, 0% used [0x00000000fb300000,0x00000000fb300000,0x00000000fc000000)
 ParOldGen       total 38400K, used 28207K [0x00000000c1800000, 0x00000000c3d80000, 0x00000000eb300000)
  object space 38400K, 73% used [0x00000000c1800000,0x00000000c338bc58,0x00000000c3d80000)
 Metaspace       used 34922K, capacity 35308K, committed 35496K, reserved 1081344K
  class space    used 4375K, capacity 4486K, committed 4520K, reserved 1048576K
Event: 7.023 GC heap after
Heap after GC invocations=14 (full 2):
 PSYoungGen      total 270336K, used 0K [0x00000000eb300000, 0x00000000fcd00000, 0x0000000100000000)
  eden space 262144K, 0% used [0x00000000eb300000,0x00000000eb300000,0x00000000fb300000)
  from space 8192K, 0% used [0x00000000fc500000,0x00000000fc500000,0x00000000fcd00000)
  to   space 13312K, 0% used [0x00000000fb300000,0x00000000fb300000,0x00000000fc000000)
 ParOldGen       total 56832K, used 22285K [0x00000000c1800000, 0x00000000c4f80000, 0x00000000eb300000)
  object space 56832K, 39% used [0x00000000c1800000,0x00000000c2dc3658,0x00000000c4f80000)
 Metaspace       used 34922K, capacity 35308K, committed 35496K, reserved 1081344K
  class space    used 4375K, capacity 4486K, committed 4520K, reserved 1048576K
}
Event: 9.743 GC heap before
{Heap before GC invocations=15 (full 2):
 PSYoungGen      total 270336K, used 262144K [0x00000000eb300000, 0x00000000fcd00000, 0x0000000100000000)
  eden space 262144K, 100% used [0x00000000eb300000,0x00000000fb300000,0x00000000fb300000)
  from space 8192K, 0% used [0x00000000fc500000,0x00000000fc500000,0x00000000fcd00000)
  to   space 13312K, 0% used [0x00000000fb300000,0x00000000fb300000,0x00000000fc000000)
 ParOldGen       total 56832K, used 22285K [0x00000000c1800000, 0x00000000c4f80000, 0x00000000eb300000)
  object space 56832K, 39% used [0x00000000c1800000,0x00000000c2dc3658,0x00000000c4f80000)
 Metaspace       used 49868K, capacity 50316K, committed 50856K, reserved 1093632K
  class space    used 6346K, capacity 6470K, committed 6568K, reserved 1048576K
Event: 9.782 GC heap after
Heap after GC invocations=15 (full 2):
 PSYoungGen      total 275456K, used 13298K [0x00000000eb300000, 0x0000000100000000, 0x0000000100000000)
  eden space 262144K, 0% used [0x00000000eb300000,0x00000000eb300000,0x00000000fb300000)
  from space 13312K, 99% used [0x00000000fb300000,0x00000000fbffc808,0x00000000fc000000)
  to   space 18432K, 0% used [0x00000000fee00000,0x00000000fee00000,0x0000000100000000)
 ParOldGen       total 56832K, used 30629K [0x00000000c1800000, 0x00000000c4f80000, 0x00000000eb300000)
  object space 56832K, 53% used [0x00000000c1800000,0x00000000c35e95d8,0x00000000c4f80000)
 Metaspace       used 49868K, capacity 50316K, committed 50856K, reserved 1093632K
  class space    used 6346K, capacity 6470K, committed 6568K, reserved 1048576K
}
Event: 12.100 GC heap before
{Heap before GC invocations=16 (full 2):
 PSYoungGen      total 275456K, used 275442K [0x00000000eb300000, 0x0000000100000000, 0x0000000100000000)
  eden space 262144K, 100% used [0x00000000eb300000,0x00000000fb300000,0x00000000fb300000)
  from space 13312K, 99% used [0x00000000fb300000,0x00000000fbffc808,0x00000000fc000000)
  to   space 18432K, 0% used [0x00000000fee00000,0x00000000fee00000,0x0000000100000000)
 ParOldGen       total 56832K, used 30629K [0x00000000c1800000, 0x00000000c4f80000, 0x00000000eb300000)
  object space 56832K, 53% used [0x00000000c1800000,0x00000000c35e95d8,0x00000000c4f80000)
 Metaspace       used 57483K, capacity 58146K, committed 58408K, reserved 1099776K
  class space    used 7284K, capacity 7441K, committed 7464K, reserved 1048576K
Event: 12.200 GC heap after
Heap after GC invocations=16 (full 2):
 PSYoungGen      total 320512K, used 14110K [0x00000000eb300000, 0x0000000100000000, 0x0000000100000000)
  eden space 302080K, 0% used [0x00000000eb300000,0x00000000eb300000,0x00000000fda00000)
  from space 18432K, 76% used [0x00000000fee00000,0x00000000ffbc7af8,0x0000000100000000)
  to   space 19456K, 0% used [0x00000000fda00000,0x00000000fda00000,0x00000000fed00000)
 ParOldGen       total 56832K, used 41628K [0x00000000c1800000, 0x00000000c4f80000, 0x00000000eb300000)
  object space 56832K, 73% used [0x00000000c1800000,0x00000000c40a7168,0x00000000c4f80000)
 Metaspace       used 57483K, capacity 58146K, committed 58408K, reserved 1099776K
  class space    used 7284K, capacity 7441K, committed 7464K, reserved 1048576K
}
Event: 13.013 GC heap before
{Heap before GC invocations=17 (full 2):
 PSYoungGen      total 320512K, used 111263K [0x00000000eb300000, 0x0000000100000000, 0x0000000100000000)
  eden space 302080K, 32% used [0x00000000eb300000,0x00000000f11e0340,0x00000000fda00000)
  from space 18432K, 76% used [0x00000000fee00000,0x00000000ffbc7af8,0x0000000100000000)
  to   space 19456K, 0% used [0x00000000fda00000,0x00000000fda00000,0x00000000fed00000)
 ParOldGen       total 56832K, used 41628K [0x00000000c1800000, 0x00000000c4f80000, 0x00000000eb300000)
  object space 56832K, 73% used [0x00000000c1800000,0x00000000c40a7168,0x00000000c4f80000)
 Metaspace       used 58192K, capacity 58874K, committed 59160K, reserved 1101824K
  class space    used 7386K, capacity 7573K, committed 7592K, reserved 1048576K
Event: 13.030 GC heap after
Heap after GC invocations=17 (full 2):
 PSYoungGen      total 321536K, used 4307K [0x00000000eb300000, 0x0000000100000000, 0x0000000100000000)
  eden space 302080K, 0% used [0x00000000eb300000,0x00000000eb300000,0x00000000fda00000)
  from space 19456K, 22% used [0x00000000fda00000,0x00000000fde34c08,0x00000000fed00000)
  to   space 19456K, 0% used [0x00000000fed00000,0x00000000fed00000,0x0000000100000000)
 ParOldGen       total 56832K, used 51292K [0x00000000c1800000, 0x00000000c4f80000, 0x00000000eb300000)
  object space 56832K, 90% used [0x00000000c1800000,0x00000000c4a17088,0x00000000c4f80000)
 Metaspace       used 58192K, capacity 58874K, committed 59160K, reserved 1101824K
  class space    used 7386K, capacity 7573K, committed 7592K, reserved 1048576K
}
Event: 13.030 GC heap before
{Heap before GC invocations=18 (full 3):
 PSYoungGen      total 321536K, used 4307K [0x00000000eb300000, 0x0000000100000000, 0x0000000100000000)
  eden space 302080K, 0% used [0x00000000eb300000,0x00000000eb300000,0x00000000fda00000)
  from space 19456K, 22% used [0x00000000fda00000,0x00000000fde34c08,0x00000000fed00000)
  to   space 19456K, 0% used [0x00000000fed00000,0x00000000fed00000,0x0000000100000000)
 ParOldGen       total 56832K, used 51292K [0x00000000c1800000, 0x00000000c4f80000, 0x00000000eb300000)
  object space 56832K, 90% used [0x00000000c1800000,0x00000000c4a17088,0x00000000c4f80000)
 Metaspace       used 58192K, capacity 58874K, committed 59160K, reserved 1101824K
  class space    used 7386K, capacity 7573K, committed 7592K, reserved 1048576K
Event: 13.259 GC heap after
Heap after GC invocations=18 (full 3):
 PSYoungGen      total 321536K, used 0K [0x00000000eb300000, 0x0000000100000000, 0x0000000100000000)
  eden space 302080K, 0% used [0x00000000eb300000,0x00000000eb300000,0x00000000fda00000)
  from space 19456K, 0% used [0x00000000fda00000,0x00000000fda00000,0x00000000fed00000)
  to   space 19456K, 0% used [0x00000000fed00000,0x00000000fed00000,0x0000000100000000)
 ParOldGen       total 94208K, used 46004K [0x00000000c1800000, 0x00000000c7400000, 0x00000000eb300000)
  object space 94208K, 48% used [0x00000000c1800000,0x00000000c44ed3f0,0x00000000c7400000)
 Metaspace       used 58192K, capacity 58874K, committed 59160K, reserved 1101824K
  class space    used 7386K, capacity 7573K, committed 7592K, reserved 1048576K
}

