# JRE version: Java(TM) SE Runtime Environment (8.0_73-b02) (build 1.8.0_73-b02)
# Java VM: Java HotSpot(TM) 64-Bit Server VM (25.73-b02 mixed mode windows-amd64 compressed oops)
Heap:
 PSYoungGen      total 321024K, used 135207K [0x00000000eb300000, 0x0000000100000000, 0x0000000100000000)
  eden space 301056K, 44% used [0x00000000eb300000,0x00000000f3709d38,0x00000000fd900000)
  from space 19968K, 0% used [0x00000000fd900000,0x00000000fd900000,0x00000000fec80000)
  to   space 19456K, 0% used [0x00000000fed00000,0x00000000fed00000,0x0000000100000000)
 ParOldGen       total 91648K, used 45987K [0x00000000c1800000, 0x00000000c7180000, 0x00000000eb300000)
  object space 91648K, 50% used [0x00000000c1800000,0x00000000c44e8fe0,0x00000000c7180000)
 Metaspace       used 62679K, capacity 63434K, committed 63784K, reserved 1105920K
  class space    used 7995K, capacity 8187K, committed 8232K, reserved 1048576K
GC Heap History (10 events):
Event: 7.064 GC heap before
{Heap before GC invocations=14 (full 2):
 PSYoungGen      total 276992K, used 1393K [0x00000000eb300000, 0x00000000fd100000, 0x0000000100000000)
  eden space 265216K, 0% used [0x00000000eb300000,0x00000000eb300000,0x00000000fb600000)
  from space 11776K, 11% used [0x00000000fc580000,0x00000000fc6dc6f0,0x00000000fd100000)
  to   space 13824K, 0% used [0x00000000fb600000,0x00000000fb600000,0x00000000fc380000)
 ParOldGen       total 38912K, used 28399K [0x00000000c1800000, 0x00000000c3e00000, 0x00000000eb300000)
  object space 38912K, 72% used [0x00000000c1800000,0x00000000c33bbe60,0x00000000c3e00000)
 Metaspace       used 34935K, capacity 35308K, committed 35496K, reserved 1081344K
  class space    used 4378K, capacity 4486K, committed 4520K, reserved 1048576K
Event: 7.176 GC heap after
Heap after GC invocations=14 (full 2):
 PSYoungGen      total 276992K, used 0K [0x00000000eb300000, 0x00000000fd100000, 0x0000000100000000)
  eden space 265216K, 0% used [0x00000000eb300000,0x00000000eb300000,0x00000000fb600000)
  from space 11776K, 0% used [0x00000000fc580000,0x00000000fc580000,0x00000000fd100000)
  to   space 13824K, 0% used [0x00000000fb600000,0x00000000fb600000,0x00000000fc380000)
 ParOldGen       total 55296K, used 22358K [0x00000000c1800000, 0x00000000c4e00000, 0x00000000eb300000)
  object space 55296K, 40% used [0x00000000c1800000,0x00000000c2dd59e8,0x00000000c4e00000)
 Metaspace       used 34935K, capacity 35308K, committed 35496K, reserved 1081344K
  class space    used 4378K, capacity 4486K, committed 4520K, reserved 1048576K
}
Event: 9.728 GC heap before
{Heap before GC invocations=15 (full 2):
 PSYoungGen      total 276992K, used 265216K [0x00000000eb300000, 0x00000000fd100000, 0x0000000100000000)
  eden space 265216K, 100% used [0x00000000eb300000,0x00000000fb600000,0x00000000fb600000)
  from space 11776K, 0% used [0x00000000fc580000,0x00000000fc580000,0x00000000fd100000)
  to   space 13824K, 0% used [0x00000000fb600000,0x00000000fb600000,0x00000000fc380000)
 ParOldGen       total 55296K, used 22358K [0x00000000c1800000, 0x00000000c4e00000, 0x00000000eb300000)
  object space 55296K, 40% used [0x00000000c1800000,0x00000000c2dd59e8,0x00000000c4e00000)
 Metaspace       used 49877K, capacity 50316K, committed 50856K, reserved 1093632K
  class space    used 6348K, capacity 6470K, committed 6568K, reserved 1048576K
Event: 9.774 GC heap after
Heap after GC invocations=15 (full 2):
 PSYoungGen      total 279040K, used 13800K [0x00000000eb300000, 0x0000000100000000, 0x0000000100000000)
  eden space 265216K, 0% used [0x00000000eb300000,0x00000000eb300000,0x00000000fb600000)
  from space 13824K, 99% used [0x00000000fb600000,0x00000000fc37a018,0x00000000fc380000)
  to   space 18432K, 0% used [0x00000000fee00000,0x00000000fee00000,0x0000000100000000)
 ParOldGen       total 55296K, used 30239K [0x00000000c1800000, 0x00000000c4e00000, 0x00000000eb300000)
  object space 55296K, 54% used [0x00000000c1800000,0x00000000c3587cf8,0x00000000c4e00000)
 Metaspace       used 49877K, capacity 50316K, committed 50856K, reserved 1093632K
  class space    used 6348K, capacity 6470K, committed 6568K, reserved 1048576K
}
Event: 11.953 GC heap before
{Heap before GC invocations=16 (full 2):
 PSYoungGen      total 279040K, used 279016K [0x00000000eb300000, 0x0000000100000000, 0x0000000100000000)
  eden space 265216K, 100% used [0x00000000eb300000,0x00000000fb600000,0x00000000fb600000)
  from space 13824K, 99% used [0x00000000fb600000,0x00000000fc37a018,0x00000000fc380000)
  to   space 18432K, 0% used [0x00000000fee00000,0x00000000fee00000,0x0000000100000000)
 ParOldGen       total 55296K, used 30239K [0x00000000c1800000, 0x00000000c4e00000, 0x00000000eb300000)
  object space 55296K, 54% used [0x00000000c1800000,0x00000000c3587cf8,0x00000000c4e00000)
 Metaspace       used 57472K, capacity 58108K, committed 58536K, reserved 1099776K
  class space    used 7290K, capacity 7472K, committed 7592K, reserved 1048576K
Event: 12.001 GC heap after
Heap after GC invocations=16 (full 2):
 PSYoungGen      total 319488K, used 14123K [0x00000000eb300000, 0x0000000100000000, 0x0000000100000000)
  eden space 301056K, 0% used [0x00000000eb300000,0x00000000eb300000,0x00000000fd900000)
  from space 18432K, 76% used [0x00000000fee00000,0x00000000ffbcadb8,0x0000000100000000)
  to   space 19968K, 0% used [0x00000000fd900000,0x00000000fd900000,0x00000000fec80000)
 ParOldGen       total 55296K, used 41262K [0x00000000c1800000, 0x00000000c4e00000, 0x00000000eb300000)
  object space 55296K, 74% used [0x00000000c1800000,0x00000000c404b888,0x00000000c4e00000)
 Metaspace       used 57472K, capacity 58108K, committed 58536K, reserved 1099776K
  class space    used 7290K, capacity 7472K, committed 7592K, reserved 1048576K
}
Event: 12.798 GC heap before
{Heap before GC invocations=17 (full 2):
 PSYoungGen      total 319488K, used 110554K [0x00000000eb300000, 0x0000000100000000, 0x0000000100000000)
  eden space 301056K, 32% used [0x00000000eb300000,0x00000000f112be08,0x00000000fd900000)
  from space 18432K, 76% used [0x00000000fee00000,0x00000000ffbcadb8,0x0000000100000000)
  to   space 19968K, 0% used [0x00000000fd900000,0x00000000fd900000,0x00000000fec80000)
 ParOldGen       total 55296K, used 41262K [0x00000000c1800000, 0x00000000c4e00000, 0x00000000eb300000)
  object space 55296K, 74% used [0x00000000c1800000,0x00000000c404b888,0x00000000c4e00000)
 Metaspace       used 58213K, capacity 58868K, committed 59160K, reserved 1101824K
  class space    used 7394K, capacity 7572K, committed 7592K, reserved 1048576K
Event: 12.822 GC heap after
Heap after GC invocations=17 (full 2):
 PSYoungGen      total 321024K, used 4288K [0x00000000eb300000, 0x0000000100000000, 0x0000000100000000)
  eden space 301056K, 0% used [0x00000000eb300000,0x00000000eb300000,0x00000000fd900000)
  from space 19968K, 21% used [0x00000000fd900000,0x00000000fdd30020,0x00000000fec80000)
  to   space 19456K, 0% used [0x00000000fed00000,0x00000000fed00000,0x0000000100000000)
 ParOldGen       total 55296K, used 50969K [0x00000000c1800000, 0x00000000c4e00000, 0x00000000eb300000)
  object space 55296K, 92% used [0x00000000c1800000,0x00000000c49c6798,0x00000000c4e00000)
 Metaspace       used 58213K, capacity 58868K, committed 59160K, reserved 1101824K
  class space    used 7394K, capacity 7572K, committed 7592K, reserved 1048576K
}
Event: 12.822 GC heap before
{Heap before GC invocations=18 (full 3):
 PSYoungGen      total 321024K, used 4288K [0x00000000eb300000, 0x0000000100000000, 0x0000000100000000)
  eden space 301056K, 0% used [0x00000000eb300000,0x00000000eb300000,0x00000000fd900000)
  from space 19968K, 21% used [0x00000000fd900000,0x00000000fdd30020,0x00000000fec80000)
  to   space 19456K, 0% used [0x00000000fed00000,0x00000000fed00000,0x0000000100000000)
 ParOldGen       total 55296K, used 50969K [0x00000000c1800000, 0x00000000c4e00000, 0x00000000eb300000)
  object space 55296K, 92% used [0x00000000c1800000,0x00000000c49c6798,0x00000000c4e00000)
 Metaspace       used 58213K, capacity 58868K, committed 59160K, reserved 1101824K
  class space    used 7394K, capacity 7572K, committed 7592K, reserved 1048576K
Event: 13.032 GC heap after
Heap after GC invocations=18 (full 3):
 PSYoungGen      total 321024K, used 0K [0x00000000eb300000, 0x0000000100000000, 0x0000000100000000)
  eden space 301056K, 0% used [0x00000000eb300000,0x00000000eb300000,0x00000000fd900000)
  from space 19968K, 0% used [0x00000000fd900000,0x00000000fd900000,0x00000000fec80000)
  to   space 19456K, 0% used [0x00000000fed00000,0x00000000fed00000,0x0000000100000000)
 ParOldGen       total 91648K, used 45987K [0x00000000c1800000, 0x00000000c7180000, 0x00000000eb300000)
  object space 91648K, 50% used [0x00000000c1800000,0x00000000c44e8fe0,0x00000000c7180000)
 Metaspace       used 58213K, capacity 58868K, committed 59160K, reserved 1101824K
  class space    used 7394K, capacity 7572K, committed 7592K, reserved 1048576K
}

