# JRE version: Java(TM) SE Runtime Environment (8.0_73-b02) (build 1.8.0_73-b02)
# Java VM: Java HotSpot(TM) 64-Bit Server VM (25.73-b02 mixed mode windows-amd64 compressed oops)
Heap:
 PSYoungGen      total 291328K, used 133226K [0x00000000eb300000, 0x0000000100000000, 0x0000000100000000)
  eden space 276480K, 48% used [0x00000000eb300000,0x00000000f351a938,0x00000000fc100000)
  from space 14848K, 0% used [0x00000000fc100000,0x00000000fc100000,0x00000000fcf80000)
  to   space 17920K, 0% used [0x00000000fee80000,0x00000000fee80000,0x0000000100000000)
 ParOldGen       total 103936K, used 48095K [0x00000000c1800000, 0x00000000c7d80000, 0x00000000eb300000)
  object space 103936K, 46% used [0x00000000c1800000,0x00000000c46f7f58,0x00000000c7d80000)
 Metaspace       used 62677K, capacity 63440K, committed 63784K, reserved 1105920K
  class space    used 7992K, capacity 8188K, committed 8232K, reserved 1048576K
GC Heap History (10 events):
Event: 7.107 GC heap before
{Heap before GC invocations=14 (full 2):
 PSYoungGen      total 225280K, used 4132K [0x00000000eb300000, 0x00000000f9b80000, 0x0000000100000000)
  eden space 217600K, 0% used [0x00000000eb300000,0x00000000eb300000,0x00000000f8780000)
  from space 7680K, 53% used [0x00000000f9400000,0x00000000f98090e8,0x00000000f9b80000)
  to   space 10240K, 0% used [0x00000000f8780000,0x00000000f8780000,0x00000000f9180000)
 ParOldGen       total 40960K, used 25467K [0x00000000c1800000, 0x00000000c4000000, 0x00000000eb300000)
  object space 40960K, 62% used [0x00000000c1800000,0x00000000c30dee70,0x00000000c4000000)
 Metaspace       used 34927K, capacity 35308K, committed 35496K, reserved 1081344K
  class space    used 4376K, capacity 4486K, committed 4520K, reserved 1048576K
Event: 7.209 GC heap after
Heap after GC invocations=14 (full 2):
 PSYoungGen      total 225280K, used 0K [0x00000000eb300000, 0x00000000f9b80000, 0x0000000100000000)
  eden space 217600K, 0% used [0x00000000eb300000,0x00000000eb300000,0x00000000f8780000)
  from space 7680K, 0% used [0x00000000f9400000,0x00000000f9400000,0x00000000f9b80000)
  to   space 10240K, 0% used [0x00000000f8780000,0x00000000f8780000,0x00000000f9180000)
 ParOldGen       total 63488K, used 23455K [0x00000000c1800000, 0x00000000c5600000, 0x00000000eb300000)
  object space 63488K, 36% used [0x00000000c1800000,0x00000000c2ee7e08,0x00000000c5600000)
 Metaspace       used 34927K, capacity 35308K, committed 35496K, reserved 1081344K
  class space    used 4376K, capacity 4486K, committed 4520K, reserved 1048576K
}
Event: 9.564 GC heap before
{Heap before GC invocations=15 (full 2):
 PSYoungGen      total 225280K, used 217600K [0x00000000eb300000, 0x00000000f9b80000, 0x0000000100000000)
  eden space 217600K, 100% used [0x00000000eb300000,0x00000000f8780000,0x00000000f8780000)
  from space 7680K, 0% used [0x00000000f9400000,0x00000000f9400000,0x00000000f9b80000)
  to   space 10240K, 0% used [0x00000000f8780000,0x00000000f8780000,0x00000000f9180000)
 ParOldGen       total 63488K, used 23455K [0x00000000c1800000, 0x00000000c5600000, 0x00000000eb300000)
  object space 63488K, 36% used [0x00000000c1800000,0x00000000c2ee7e08,0x00000000c5600000)
 Metaspace       used 49166K, capacity 49576K, committed 49960K, reserved 1093632K
  class space    used 6285K, capacity 6400K, committed 6440K, reserved 1048576K
Event: 9.609 GC heap after
Heap after GC invocations=15 (full 2):
 PSYoungGen      total 227840K, used 10231K [0x00000000eb300000, 0x00000000fe280000, 0x0000000100000000)
  eden space 217600K, 0% used [0x00000000eb300000,0x00000000eb300000,0x00000000f8780000)
  from space 10240K, 99% used [0x00000000f8780000,0x00000000f917dc00,0x00000000f9180000)
  to   space 14848K, 0% used [0x00000000fd400000,0x00000000fd400000,0x00000000fe280000)
 ParOldGen       total 63488K, used 33063K [0x00000000c1800000, 0x00000000c5600000, 0x00000000eb300000)
  object space 63488K, 52% used [0x00000000c1800000,0x00000000c3849f88,0x00000000c5600000)
 Metaspace       used 49166K, capacity 49576K, committed 49960K, reserved 1093632K
  class space    used 6285K, capacity 6400K, committed 6440K, reserved 1048576K
}
Event: 11.653 GC heap before
{Heap before GC invocations=16 (full 2):
 PSYoungGen      total 227840K, used 227831K [0x00000000eb300000, 0x00000000fe280000, 0x0000000100000000)
  eden space 217600K, 100% used [0x00000000eb300000,0x00000000f8780000,0x00000000f8780000)
  from space 10240K, 99% used [0x00000000f8780000,0x00000000f917dc00,0x00000000f9180000)
  to   space 14848K, 0% used [0x00000000fd400000,0x00000000fd400000,0x00000000fe280000)
 ParOldGen       total 63488K, used 33063K [0x00000000c1800000, 0x00000000c5600000, 0x00000000eb300000)
  object space 63488K, 52% used [0x00000000c1800000,0x00000000c3849f88,0x00000000c5600000)
 Metaspace       used 53330K, capacity 53952K, committed 54312K, reserved 1097728K
  class space    used 6777K, capacity 6940K, committed 6952K, reserved 1048576K
Event: 11.682 GC heap after
Heap after GC invocations=16 (full 2):
 PSYoungGen      total 286720K, used 9649K [0x00000000eb300000, 0x00000000fde00000, 0x0000000100000000)
  eden space 276480K, 0% used [0x00000000eb300000,0x00000000eb300000,0x00000000fc100000)
  from space 10240K, 94% used [0x00000000fd400000,0x00000000fdd6c4c0,0x00000000fde00000)
  to   space 14848K, 0% used [0x00000000fc100000,0x00000000fc100000,0x00000000fcf80000)
 ParOldGen       total 63488K, used 42650K [0x00000000c1800000, 0x00000000c5600000, 0x00000000eb300000)
  object space 63488K, 67% used [0x00000000c1800000,0x00000000c41a6af8,0x00000000c5600000)
 Metaspace       used 53330K, capacity 53952K, committed 54312K, reserved 1097728K
  class space    used 6777K, capacity 6940K, committed 6952K, reserved 1048576K
}
Event: 13.305 GC heap before
{Heap before GC invocations=17 (full 2):
 PSYoungGen      total 286720K, used 202611K [0x00000000eb300000, 0x00000000fde00000, 0x0000000100000000)
  eden space 276480K, 69% used [0x00000000eb300000,0x00000000f6f709c8,0x00000000fc100000)
  from space 10240K, 94% used [0x00000000fd400000,0x00000000fdd6c4c0,0x00000000fde00000)
  to   space 14848K, 0% used [0x00000000fc100000,0x00000000fc100000,0x00000000fcf80000)
 ParOldGen       total 63488K, used 42650K [0x00000000c1800000, 0x00000000c5600000, 0x00000000eb300000)
  object space 63488K, 67% used [0x00000000c1800000,0x00000000c41a6af8,0x00000000c5600000)
 Metaspace       used 58198K, capacity 58868K, committed 59160K, reserved 1101824K
  class space    used 7391K, capacity 7572K, committed 7592K, reserved 1048576K
Event: 13.325 GC heap after
Heap after GC invocations=17 (full 2):
 PSYoungGen      total 291328K, used 14832K [0x00000000eb300000, 0x0000000100000000, 0x0000000100000000)
  eden space 276480K, 0% used [0x00000000eb300000,0x00000000eb300000,0x00000000fc100000)
  from space 14848K, 99% used [0x00000000fc100000,0x00000000fcf7c040,0x00000000fcf80000)
  to   space 17920K, 0% used [0x00000000fee80000,0x00000000fee80000,0x0000000100000000)
 ParOldGen       total 63488K, used 45288K [0x00000000c1800000, 0x00000000c5600000, 0x00000000eb300000)
  object space 63488K, 71% used [0x00000000c1800000,0x00000000c443a320,0x00000000c5600000)
 Metaspace       used 58198K, capacity 58868K, committed 59160K, reserved 1101824K
  class space    used 7391K, capacity 7572K, committed 7592K, reserved 1048576K
}
Event: 13.325 GC heap before
{Heap before GC invocations=18 (full 3):
 PSYoungGen      total 291328K, used 14832K [0x00000000eb300000, 0x0000000100000000, 0x0000000100000000)
  eden space 276480K, 0% used [0x00000000eb300000,0x00000000eb300000,0x00000000fc100000)
  from space 14848K, 99% used [0x00000000fc100000,0x00000000fcf7c040,0x00000000fcf80000)
  to   space 17920K, 0% used [0x00000000fee80000,0x00000000fee80000,0x0000000100000000)
 ParOldGen       total 63488K, used 45288K [0x00000000c1800000, 0x00000000c5600000, 0x00000000eb300000)
  object space 63488K, 71% used [0x00000000c1800000,0x00000000c443a320,0x00000000c5600000)
 Metaspace       used 58198K, capacity 58868K, committed 59160K, reserved 1101824K
  class space    used 7391K, capacity 7572K, committed 7592K, reserved 1048576K
Event: 13.545 GC heap after
Heap after GC invocations=18 (full 3):
 PSYoungGen      total 291328K, used 0K [0x00000000eb300000, 0x0000000100000000, 0x0000000100000000)
  eden space 276480K, 0% used [0x00000000eb300000,0x00000000eb300000,0x00000000fc100000)
  from space 14848K, 0% used [0x00000000fc100000,0x00000000fc100000,0x00000000fcf80000)
  to   space 17920K, 0% used [0x00000000fee80000,0x00000000fee80000,0x0000000100000000)
 ParOldGen       total 103936K, used 48095K [0x00000000c1800000, 0x00000000c7d80000, 0x00000000eb300000)
  object space 103936K, 46% used [0x00000000c1800000,0x00000000c46f7f58,0x00000000c7d80000)
 Metaspace       used 58198K, capacity 58868K, committed 59160K, reserved 1101824K
  class space    used 7391K, capacity 7572K, committed 7592K, reserved 1048576K
}

